<?xml version="1.0" encoding="UTF-8"?>
<!-- Generated by org.testng.reporters.JUnitReportReporter -->
<testsuite hostname="DESKTOP-UKJT6AT" failures="0" tests="1" name="login.Case_Register" time="1.493" errors="0" timestamp="2020-12-30T11:05:07 ICT" skipped="0">
  <testcase classname="login.Case_Register" name="Failed_5" time="1.493"/>
  <system-out/>
</testsuite> <!-- login.Case_Register -->
