<?xml version="1.0" encoding="UTF-8"?>
<!-- Generated by org.testng.reporters.JUnitReportReporter -->
<testsuite hostname="DESKTOP-UKJT6AT" failures="0" tests="3" name="Change_PassWord.Change_Pass_Failed_3" time="3.918" errors="0" timestamp="2021-01-09T15:51:03 ICT" skipped="0">
  <testcase classname="Change_PassWord.Change_Pass_Failed_3" name="Change_PassW" time="2.158"/>
  <system-out/>
  <testcase classname="Change_PassWord.Change_Pass_Failed_3" name="ChangePassWord" time="0.247"/>
  <system-out/>
  <testcase classname="Change_PassWord.Change_Pass_Failed_3" name="Input_Data" time="1.513"/>
  <system-out/>
</testsuite> <!-- Change_PassWord.Change_Pass_Failed_3 -->
