<?xml version="1.0" encoding="UTF-8"?>
<!-- Generated by org.testng.reporters.JUnitReportReporter -->
<testsuite hostname="DESKTOP-UKJT6AT" failures="0" tests="1" name="login.Case_Login_Failed_2" time="6.420" errors="0" timestamp="2021-02-03T09:01:25 ICT" skipped="0">
  <testcase classname="login.Case_Login_Failed_2" name="Failed_2" time="6.420"/>
  <system-out/>
</testsuite> <!-- login.Case_Login_Failed_2 -->
