<?xml version="1.0" encoding="UTF-8"?>
<!-- Generated by org.testng.reporters.JUnitReportReporter -->
<testsuite hostname="DESKTOP-UKJT6AT" failures="0" tests="3" name="Change_PassWord.Change_Pass_Failed_1" time="10.867" errors="0" timestamp="2021-02-03T09:51:00 ICT" skipped="0">
  <testcase classname="Change_PassWord.Change_Pass_Failed_1" name="Login_Successfully" time="8.328"/>
  <system-out/>
  <testcase classname="Change_PassWord.Change_Pass_Failed_1" name="ChangePassWord" time="1.614"/>
  <system-out/>
  <testcase classname="Change_PassWord.Change_Pass_Failed_1" name="Input_Data" time="0.925"/>
  <system-out/>
</testsuite> <!-- Change_PassWord.Change_Pass_Failed_1 -->
