<?xml version="1.0" encoding="UTF-8"?>
<!-- Generated by org.testng.reporters.JUnitReportReporter -->
<testsuite hostname="DESKTOP-UKJT6AT" failures="0" tests="1" name="login.Case_Login_Failed" time="2.202" errors="0" timestamp="2020-12-30T09:23:23 ICT" skipped="0">
  <testcase classname="login.Case_Login_Failed" name="Failed_1" time="2.202"/>
  <system-out/>
</testsuite> <!-- login.Case_Login_Failed -->
