<?xml version="1.0" encoding="UTF-8"?>
<!-- Generated by org.testng.reporters.JUnitReportReporter -->
<testsuite hostname="DESKTOP-UKJT6AT" failures="0" tests="3" name="Change_PassWord.Change_Pass_Failed_2" time="5.566" errors="0" timestamp="2021-01-09T15:51:03 ICT" skipped="0">
  <testcase classname="Change_PassWord.Change_Pass_Failed_2" name="Login_successfully" time="3.245"/>
  <system-out/>
  <testcase classname="Change_PassWord.Change_Pass_Failed_2" name="ChangePassWord" time="0.286"/>
  <system-out/>
  <testcase classname="Change_PassWord.Change_Pass_Failed_2" name="Input_Data" time="2.035"/>
  <system-out/>
</testsuite> <!-- Change_PassWord.Change_Pass_Failed_2 -->
