<?xml version="1.0" encoding="UTF-8"?>
<!-- Generated by org.testng.reporters.JUnitReportReporter -->
<testsuite hostname="DESKTOP-UKJT6AT" failures="0" tests="1" name="sign_out.Test_Asserst" time="2.271" errors="0" timestamp="2021-01-06T11:38:02 ICT" skipped="0">
  <testcase classname="sign_out.Test_Asserst" name="Failed_1" time="2.271"/>
  <system-out/>
</testsuite> <!-- sign_out.Test_Asserst -->
