<?xml version="1.0" encoding="UTF-8"?>
<!-- Generated by org.testng.reporters.JUnitReportReporter -->
<testsuite hostname="DESKTOP-UKJT6AT" failures="0" tests="1" name="sign_out.LogoutDemo" time="9.514" errors="0" timestamp="2021-01-05T14:27:12 ICT" skipped="0">
  <testcase classname="sign_out.LogoutDemo" name="Logout_Successfully" time="9.514"/>
  <system-out/>
</testsuite> <!-- sign_out.LogoutDemo -->
