<?xml version="1.0" encoding="UTF-8"?>
<!-- Generated by org.testng.reporters.JUnitReportReporter -->
<testsuite hostname="DESKTOP-UKJT6AT" failures="0" tests="4" name="Change_PassWord.Change_Pass_Success" time="8.429" errors="0" timestamp="2021-02-03T11:15:37 ICT" skipped="0">
  <testcase classname="Change_PassWord.Change_Pass_Success" name="Login_Successfully" time="5.395"/>
  <system-out/>
  <testcase classname="Change_PassWord.Change_Pass_Success" name="ChangePassWord" time="1.066"/>
  <system-out/>
  <testcase classname="Change_PassWord.Change_Pass_Success" name="Input_Data" time="0.903"/>
  <system-out/>
  <testcase classname="Change_PassWord.Change_Pass_Success" name="Accept" time="1.065"/>
  <system-out/>
</testsuite> <!-- Change_PassWord.Change_Pass_Success -->
