<?xml version="1.0" encoding="UTF-8"?>
<!-- Generated by org.testng.reporters.JUnitReportReporter -->
<testsuite hostname="DESKTOP-UKJT6AT" failures="0" tests="1" name="login.Case_Login_Successfully" time="3.480" errors="0" timestamp="2021-02-24T10:21:45 ICT" skipped="0">
  <testcase classname="login.Case_Login_Successfully" name="Login_Successfully" time="3.480"/>
  <system-out/>
</testsuite> <!-- login.Case_Login_Successfully -->
