<?xml version="1.0" encoding="UTF-8"?>
<!-- Generated by org.testng.reporters.JUnitReportReporter -->
<testsuite hostname="DESKTOP-UKJT6AT" failures="0" tests="6" name="login.Case_Login" time="3.055" errors="0" timestamp="2020-12-29T16:17:28 ICT" skipped="0">
  <testcase classname="login.Case_Login" name="Login_Successfully" time="1.664"/>
  <system-out/>
  <testcase classname="login.Case_Login" name="Login_Failed1" time="0.321"/>
  <system-out/>
  <testcase classname="login.Case_Login" name="Login_Failed2" time="0.290"/>
  <system-out/>
  <testcase classname="login.Case_Login" name="Login_Failed3" time="0.247"/>
  <system-out/>
  <testcase classname="login.Case_Login" name="Login_failed4" time="0.269"/>
  <system-out/>
  <testcase classname="login.Case_Login" name="Login_Failed5" time="0.264"/>
  <system-out/>
</testsuite> <!-- login.Case_Login -->
