<?xml version="1.0" encoding="UTF-8"?>
<!-- Generated by org.testng.reporters.JUnitReportReporter -->
<testsuite hostname="DESKTOP-UKJT6AT" failures="0" tests="1" name="login.Case_Login_Failed_1" time="13.804" errors="0" timestamp="2021-02-03T09:00:09 ICT" skipped="0">
  <testcase classname="login.Case_Login_Failed_1" name="Failed_1" time="13.804"/>
  <system-out/>
</testsuite> <!-- login.Case_Login_Failed_1 -->
