<?xml version="1.0" encoding="UTF-8"?>
<!-- Generated by org.testng.reporters.JUnitReportReporter -->
<testsuite hostname="DESKTOP-UKJT6AT" failures="0" tests="1" name="login.Case_Login_Failed_4" time="2.890" errors="0" timestamp="2021-01-09T15:51:03 ICT" skipped="0">
  <testcase classname="login.Case_Login_Failed_4" name="Failed_4" time="2.890"/>
  <system-out/>
</testsuite> <!-- login.Case_Login_Failed_4 -->
