<?xml version="1.0" encoding="UTF-8"?>
<!-- Generated by org.testng.reporters.JUnitReportReporter -->
<testsuite hostname="DESKTOP-UKJT6AT" failures="0" tests="3" name="sign_out.Log_out" time="6.653" errors="0" timestamp="2021-01-09T15:51:03 ICT" skipped="0">
  <testcase classname="sign_out.Log_out" name="LogIn_Successfully" time="5.459"/>
  <system-out/>
  <testcase classname="sign_out.Log_out" name="Action_Button_Logout" time="0.264"/>
  <system-out/>
  <testcase classname="sign_out.Log_out" name="LogOut_Account" time="0.930"/>
  <system-out/>
</testsuite> <!-- sign_out.Log_out -->
