<?xml version="1.0" encoding="UTF-8"?>
<!-- Generated by org.testng.reporters.JUnitReportReporter -->
<testsuite hostname="DESKTOP-UKJT6AT" failures="0" tests="1" name="Register.LogoutDemo" time="12.726" errors="0" timestamp="2021-01-04T08:46:52 ICT" skipped="0">
  <testcase classname="Register.LogoutDemo" name="Logout_Successfully" time="12.726"/>
  <system-out/>
</testsuite> <!-- Register.LogoutDemo -->
