<?xml version="1.0" encoding="UTF-8"?>
<!-- Generated by org.testng.reporters.JUnitReportReporter -->
<testsuite hostname="DESKTOP-UKJT6AT" failures="0" tests="3" name="Change_PassWord.Change_Pass_Failed_5" time="3.376" errors="0" timestamp="2021-01-09T15:51:03 ICT" skipped="0">
  <testcase classname="Change_PassWord.Change_Pass_Failed_5" name="Login_Successfully" time="2.144"/>
  <system-out/>
  <testcase classname="Change_PassWord.Change_Pass_Failed_5" name="ChangePassWord" time="0.304"/>
  <system-out/>
  <testcase classname="Change_PassWord.Change_Pass_Failed_5" name="Input_Data" time="0.928"/>
  <system-out/>
</testsuite> <!-- Change_PassWord.Change_Pass_Failed_5 -->
