<?xml version="1.0" encoding="UTF-8"?>
<!-- Generated by org.testng.reporters.JUnitReportReporter -->
<testsuite hostname="DESKTOP-UKJT6AT" failures="0" tests="1" name="login.Register" time="1.146" errors="0" timestamp="2020-12-30T10:59:08 ICT" skipped="0">
  <testcase classname="login.Register" name="Failed_4" time="1.146"/>
  <system-out/>
</testsuite> <!-- login.Register -->
