<?xml version="1.0" encoding="UTF-8"?>
<!-- Generated by org.testng.reporters.JUnitReportReporter -->
<testsuite hostname="DESKTOP-UKJT6AT" failures="0" tests="3" name="Change_PassWord.Change_Pass_Failed_4" time="5.463" errors="0" timestamp="2021-01-09T15:51:03 ICT" skipped="0">
  <testcase classname="Change_PassWord.Change_Pass_Failed_4" name="Login_Successfully" time="4.205"/>
  <system-out/>
  <testcase classname="Change_PassWord.Change_Pass_Failed_4" name="ChangePassWord" time="0.423"/>
  <system-out/>
  <testcase classname="Change_PassWord.Change_Pass_Failed_4" name="Input_Data" time="0.835"/>
  <system-out/>
</testsuite> <!-- Change_PassWord.Change_Pass_Failed_4 -->
